 INFO [2023-06-06 20:21:54,402] (%D:10) - **********************************************************************************************
 INFO [2023-06-06 20:21:54,404] (%D:11) - $$$$$$$$$$$$$$$$$$$$$$$$$$$$$$$$Sample Rahul Shetty      $$$$$$$$$$$$$$$$$$$$$$$$$$$$$$$$$$$$$$$$$$$$$$
 INFO [2023-06-06 20:21:54,405] (%D:12) - ***********************************************************************************************
 INFO [2023-06-06 20:21:57,234] (%D:22) - Text Entered into UserName
 INFO [2023-06-06 20:21:57,421] (%D:22) - Text Entered into Password
 INFO [2023-06-06 20:21:57,532] (%D:22) - Clicked on Sign In Button
 INFO [2023-06-06 20:21:58,721] (%D:22) - Text got from verifyHomePage
 INFO [2023-06-06 20:21:58,724] (%D:17) - $$$$$$$$$$$$$$$$$$$$$$$$$$$$$$$$---END---$$$$$$$$$$$$$$$$$$$$$$$$$$$$$$$$$$$$$$$$$$$$$$
 INFO [2023-06-06 20:21:58,724] (%D:18) -     
 INFO [2023-06-06 21:10:02,140] (%D:10) - **********************************************************************************************
 INFO [2023-06-06 21:10:02,142] (%D:11) - $$$$$$$$$$$$$$$$$$$$$$$$$$$$$$$$Sample Rahul Shetty      $$$$$$$$$$$$$$$$$$$$$$$$$$$$$$$$$$$$$$$$$$$$$$
 INFO [2023-06-06 21:10:02,142] (%D:12) - ***********************************************************************************************
 INFO [2023-06-06 21:10:04,826] (%D:22) - Text Entered into UserName
 INFO [2023-06-06 21:10:05,027] (%D:22) - Text Entered into Password
 INFO [2023-06-06 21:10:05,185] (%D:22) - Clicked on Sign In Button
 INFO [2023-06-06 21:10:06,360] (%D:22) - Text got from verifyHomePage
 INFO [2023-06-06 21:10:06,363] (%D:17) - $$$$$$$$$$$$$$$$$$$$$$$$$$$$$$$$---END---$$$$$$$$$$$$$$$$$$$$$$$$$$$$$$$$$$$$$$$$$$$$$$
 INFO [2023-06-06 21:10:06,363] (%D:18) -     
 INFO [2023-06-06 21:11:14,310] (%D:10) - **********************************************************************************************
 INFO [2023-06-06 21:11:14,312] (%D:11) - $$$$$$$$$$$$$$$$$$$$$$$$$$$$$$$$Sample Rahul Shetty      $$$$$$$$$$$$$$$$$$$$$$$$$$$$$$$$$$$$$$$$$$$$$$
 INFO [2023-06-06 21:11:14,312] (%D:12) - ***********************************************************************************************
 INFO [2023-06-06 21:11:17,068] (%D:22) - Text Entered into UserName
 INFO [2023-06-06 21:11:17,267] (%D:22) - Text Entered into Password
 INFO [2023-06-06 21:11:17,420] (%D:22) - Clicked on Sign In Button
 INFO [2023-06-06 21:11:18,645] (%D:22) - Text got from verifyHomePage
 INFO [2023-06-06 21:11:18,647] (%D:17) - $$$$$$$$$$$$$$$$$$$$$$$$$$$$$$$$---END---$$$$$$$$$$$$$$$$$$$$$$$$$$$$$$$$$$$$$$$$$$$$$$
 INFO [2023-06-06 21:11:18,648] (%D:18) -     
 INFO [2023-06-06 21:14:07,884] (%D:10) - **********************************************************************************************
 INFO [2023-06-06 21:14:07,886] (%D:11) - $$$$$$$$$$$$$$$$$$$$$$$$$$$$$$$$Sample Rahul Shetty      $$$$$$$$$$$$$$$$$$$$$$$$$$$$$$$$$$$$$$$$$$$$$$
 INFO [2023-06-06 21:14:07,886] (%D:12) - ***********************************************************************************************
 INFO [2023-06-06 21:14:10,661] (%D:22) - Text Entered into UserName
 INFO [2023-06-06 21:14:10,827] (%D:22) - Text Entered into Password
 INFO [2023-06-06 21:14:10,996] (%D:22) - Clicked on Sign In Button
 INFO [2023-06-06 21:14:12,184] (%D:22) - Text got from verifyHomePage
 INFO [2023-06-06 21:14:12,185] (%D:30) - Unable to navigate Home Page
 INFO [2023-06-06 21:14:12,366] (%D:17) - $$$$$$$$$$$$$$$$$$$$$$$$$$$$$$$$---END---$$$$$$$$$$$$$$$$$$$$$$$$$$$$$$$$$$$$$$$$$$$$$$
 INFO [2023-06-06 21:14:12,366] (%D:18) -     
 INFO [2023-06-13 17:25:32,932] (%D:10) - **********************************************************************************************
 INFO [2023-06-13 17:25:32,936] (%D:11) - $$$$$$$$$$$$$$$$$$$$$$$$$$$$$$$$Sample Rahul Shetty      $$$$$$$$$$$$$$$$$$$$$$$$$$$$$$$$$$$$$$$$$$$$$$
 INFO [2023-06-13 17:25:32,936] (%D:12) - ***********************************************************************************************
 INFO [2023-06-13 17:25:38,365] (%D:22) - Text Entered into UserName
 INFO [2023-06-13 17:25:38,607] (%D:22) - Text Entered into Password
 INFO [2023-06-13 17:25:38,798] (%D:22) - Clicked on Sign In Button
 INFO [2023-06-13 17:25:39,962] (%D:22) - Text got from verifyHomePage
 INFO [2023-06-13 17:25:39,963] (%D:30) - Unable to navigate Home Page
 INFO [2023-06-13 17:25:40,156] (%D:17) - $$$$$$$$$$$$$$$$$$$$$$$$$$$$$$$$---END---$$$$$$$$$$$$$$$$$$$$$$$$$$$$$$$$$$$$$$$$$$$$$$
 INFO [2023-06-13 17:25:40,156] (%D:18) -     
 INFO [2023-06-13 17:38:10,917] (%D:10) - **********************************************************************************************
 INFO [2023-06-13 17:38:10,920] (%D:11) - $$$$$$$$$$$$$$$$$$$$$$$$$$$$$$$$Calculator      $$$$$$$$$$$$$$$$$$$$$$$$$$$$$$$$$$$$$$$$$$$$$$
 INFO [2023-06-13 17:38:10,921] (%D:12) - ***********************************************************************************************
 INFO [2023-06-13 17:38:10,926] (%D:17) - $$$$$$$$$$$$$$$$$$$$$$$$$$$$$$$$---END---$$$$$$$$$$$$$$$$$$$$$$$$$$$$$$$$$$$$$$$$$$$$$$
 INFO [2023-06-13 17:38:10,927] (%D:18) -     
 INFO [2023-06-13 17:38:10,927] (%D:30) - Failed to Close Browser java.lang.NullPointerException: Cannot invoke "org.openqa.selenium.WebDriver.quit()" because "testBase.pageBase.driver" is null
 INFO [2023-06-13 17:44:32,826] (%D:10) - **********************************************************************************************
 INFO [2023-06-13 17:44:32,829] (%D:11) - $$$$$$$$$$$$$$$$$$$$$$$$$$$$$$$$Calculator      $$$$$$$$$$$$$$$$$$$$$$$$$$$$$$$$$$$$$$$$$$$$$$
 INFO [2023-06-13 17:44:32,830] (%D:12) - ***********************************************************************************************
 INFO [2023-06-13 17:44:32,840] (%D:30) - Element not available
 INFO [2023-06-13 17:44:32,847] (%D:30) - Unable to run After scenario
 INFO [2023-06-13 17:54:22,126] (%D:10) - **********************************************************************************************
 INFO [2023-06-13 17:54:22,129] (%D:11) - $$$$$$$$$$$$$$$$$$$$$$$$$$$$$$$$Calculator      $$$$$$$$$$$$$$$$$$$$$$$$$$$$$$$$$$$$$$$$$$$$$$
 INFO [2023-06-13 17:54:22,129] (%D:12) - ***********************************************************************************************
 INFO [2023-06-13 17:54:22,140] (%D:30) - Element not available
 INFO [2023-06-13 17:54:22,148] (%D:30) - Unable to run After scenario
 INFO [2023-06-13 17:57:31,763] (%D:10) - **********************************************************************************************
 INFO [2023-06-13 17:57:31,767] (%D:11) - $$$$$$$$$$$$$$$$$$$$$$$$$$$$$$$$Calculator      $$$$$$$$$$$$$$$$$$$$$$$$$$$$$$$$$$$$$$$$$$$$$$
 INFO [2023-06-13 17:57:31,767] (%D:12) - ***********************************************************************************************
 INFO [2023-06-13 17:57:31,780] (%D:30) - Element not available
 INFO [2023-06-13 17:57:31,794] (%D:30) - Unable to run After scenario
 INFO [2023-06-13 17:58:57,159] (%D:10) - **********************************************************************************************
 INFO [2023-06-13 17:58:57,162] (%D:11) - $$$$$$$$$$$$$$$$$$$$$$$$$$$$$$$$Calculator      $$$$$$$$$$$$$$$$$$$$$$$$$$$$$$$$$$$$$$$$$$$$$$
 INFO [2023-06-13 17:58:57,162] (%D:12) - ***********************************************************************************************
 INFO [2023-06-13 17:58:57,172] (%D:30) - Element not available
 INFO [2023-06-13 17:58:57,181] (%D:30) - Unable to run After scenario
 INFO [2023-06-13 17:59:23,986] (%D:10) - **********************************************************************************************
 INFO [2023-06-13 17:59:23,988] (%D:11) - $$$$$$$$$$$$$$$$$$$$$$$$$$$$$$$$Calculator      $$$$$$$$$$$$$$$$$$$$$$$$$$$$$$$$$$$$$$$$$$$$$$
 INFO [2023-06-13 17:59:23,989] (%D:12) - ***********************************************************************************************
 INFO [2023-06-13 17:59:24,001] (%D:30) - Element not available
 INFO [2023-06-13 17:59:24,011] (%D:30) - Unable to run After scenario
 INFO [2023-06-13 18:11:16,321] (%D:10) - **********************************************************************************************
 INFO [2023-06-13 18:11:16,324] (%D:11) - $$$$$$$$$$$$$$$$$$$$$$$$$$$$$$$$Calculator      $$$$$$$$$$$$$$$$$$$$$$$$$$$$$$$$$$$$$$$$$$$$$$
 INFO [2023-06-13 18:11:16,324] (%D:12) - ***********************************************************************************************
 INFO [2023-06-13 18:11:16,334] (%D:30) - Element not available
 INFO [2023-06-13 18:11:16,341] (%D:30) - Unable to run After scenario
 INFO [2023-06-14 10:20:12,026] (%D:10) - **********************************************************************************************
 INFO [2023-06-14 10:20:12,030] (%D:11) - $$$$$$$$$$$$$$$$$$$$$$$$$$$$$$$$Calculator      $$$$$$$$$$$$$$$$$$$$$$$$$$$$$$$$$$$$$$$$$$$$$$
 INFO [2023-06-14 10:20:12,030] (%D:12) - ***********************************************************************************************
 INFO [2023-06-14 10:20:12,045] (%D:30) - Element not available
 INFO [2023-06-14 10:20:12,056] (%D:30) - Unable to run After scenario
 INFO [2023-06-14 10:20:51,848] (%D:10) - **********************************************************************************************
 INFO [2023-06-14 10:20:51,851] (%D:11) - $$$$$$$$$$$$$$$$$$$$$$$$$$$$$$$$Calculator      $$$$$$$$$$$$$$$$$$$$$$$$$$$$$$$$$$$$$$$$$$$$$$
 INFO [2023-06-14 10:20:51,851] (%D:12) - ***********************************************************************************************
 INFO [2023-06-14 10:20:51,860] (%D:30) - Unable to click on element One
 INFO [2023-06-14 10:20:51,868] (%D:30) - Unable to run After scenario
 INFO [2023-06-14 10:23:18,020] (%D:10) - **********************************************************************************************
 INFO [2023-06-14 10:23:18,023] (%D:11) - $$$$$$$$$$$$$$$$$$$$$$$$$$$$$$$$Calculator      $$$$$$$$$$$$$$$$$$$$$$$$$$$$$$$$$$$$$$$$$$$$$$
 INFO [2023-06-14 10:23:18,024] (%D:12) - ***********************************************************************************************
 INFO [2023-06-14 10:23:18,030] (%D:17) - $$$$$$$$$$$$$$$$$$$$$$$$$$$$$$$$---END---$$$$$$$$$$$$$$$$$$$$$$$$$$$$$$$$$$$$$$$$$$$$$$
 INFO [2023-06-14 10:23:18,030] (%D:18) -     
 INFO [2023-06-14 10:23:18,031] (%D:30) - Failed to Close Browser java.lang.NullPointerException: Cannot invoke "org.openqa.selenium.WebDriver.quit()" because "testBase.pageBase.driver" is null
 INFO [2023-06-14 10:24:48,312] (%D:10) - **********************************************************************************************
 INFO [2023-06-14 10:24:48,315] (%D:11) - $$$$$$$$$$$$$$$$$$$$$$$$$$$$$$$$Calculator      $$$$$$$$$$$$$$$$$$$$$$$$$$$$$$$$$$$$$$$$$$$$$$
 INFO [2023-06-14 10:24:48,315] (%D:12) - ***********************************************************************************************
 INFO [2023-06-14 10:25:18,834] (%D:10) - **********************************************************************************************
 INFO [2023-06-14 10:25:18,837] (%D:11) - $$$$$$$$$$$$$$$$$$$$$$$$$$$$$$$$Calculator      $$$$$$$$$$$$$$$$$$$$$$$$$$$$$$$$$$$$$$$$$$$$$$
 INFO [2023-06-14 10:25:18,838] (%D:12) - ***********************************************************************************************
 INFO [2023-06-14 10:25:18,841] (%D:17) - $$$$$$$$$$$$$$$$$$$$$$$$$$$$$$$$---END---$$$$$$$$$$$$$$$$$$$$$$$$$$$$$$$$$$$$$$$$$$$$$$
 INFO [2023-06-14 10:25:18,842] (%D:18) -     
 INFO [2023-06-14 10:25:18,842] (%D:30) - Failed to Close Browser java.lang.NullPointerException: Cannot invoke "org.openqa.selenium.WebDriver.quit()" because "testBase.pageBase.driver" is null
 INFO [2023-07-10 18:10:14,052] (%D:10) - **********************************************************************************************
 INFO [2023-07-10 18:10:14,054] (%D:11) - $$$$$$$$$$$$$$$$$$$$$$$$$$$$$$$$Sample Rahul Shetty      $$$$$$$$$$$$$$$$$$$$$$$$$$$$$$$$$$$$$$$$$$$$$$
 INFO [2023-07-10 18:10:14,054] (%D:12) - ***********************************************************************************************
 INFO [2023-07-10 18:10:19,128] (%D:22) - Text Entered into UserName
 INFO [2023-07-10 18:10:19,354] (%D:22) - Text Entered into Password
 INFO [2023-07-10 18:10:19,502] (%D:22) - Clicked on Sign In Button
 INFO [2023-07-10 18:10:20,658] (%D:22) - Text got from verifyHomePage
 INFO [2023-07-10 18:10:20,661] (%D:17) - $$$$$$$$$$$$$$$$$$$$$$$$$$$$$$$$---END---$$$$$$$$$$$$$$$$$$$$$$$$$$$$$$$$$$$$$$$$$$$$$$
 INFO [2023-07-10 18:10:20,661] (%D:18) -     
 INFO [2023-07-10 18:11:49,516] (%D:10) - **********************************************************************************************
 INFO [2023-07-10 18:11:49,518] (%D:11) - $$$$$$$$$$$$$$$$$$$$$$$$$$$$$$$$Sample Rahul Shetty      $$$$$$$$$$$$$$$$$$$$$$$$$$$$$$$$$$$$$$$$$$$$$$
 INFO [2023-07-10 18:11:49,518] (%D:12) - ***********************************************************************************************
 INFO [2023-07-10 18:11:53,282] (%D:22) - Text Entered into UserName
 INFO [2023-07-10 18:11:53,453] (%D:22) - Text Entered into Password
 INFO [2023-07-10 18:11:53,609] (%D:22) - Clicked on Sign In Button
 INFO [2023-07-10 18:11:54,788] (%D:22) - Text got from verifyHomePage
 INFO [2023-07-10 18:11:54,791] (%D:17) - $$$$$$$$$$$$$$$$$$$$$$$$$$$$$$$$---END---$$$$$$$$$$$$$$$$$$$$$$$$$$$$$$$$$$$$$$$$$$$$$$
 INFO [2023-07-10 18:11:54,791] (%D:18) -     
 INFO [2023-07-10 18:12:55,788] (%D:10) - **********************************************************************************************
 INFO [2023-07-10 18:12:55,790] (%D:11) - $$$$$$$$$$$$$$$$$$$$$$$$$$$$$$$$Sample Rahul Shetty      $$$$$$$$$$$$$$$$$$$$$$$$$$$$$$$$$$$$$$$$$$$$$$
 INFO [2023-07-10 18:12:55,790] (%D:12) - ***********************************************************************************************
 INFO [2023-07-10 18:12:59,074] (%D:22) - Text Entered into UserName
 INFO [2023-07-10 18:12:59,421] (%D:22) - Text Entered into Password
 INFO [2023-07-10 18:12:59,649] (%D:22) - Clicked on Sign In Button
 INFO [2023-07-10 18:13:00,830] (%D:22) - Text got from verifyHomePage
 INFO [2023-07-10 18:13:00,833] (%D:17) - $$$$$$$$$$$$$$$$$$$$$$$$$$$$$$$$---END---$$$$$$$$$$$$$$$$$$$$$$$$$$$$$$$$$$$$$$$$$$$$$$
 INFO [2023-07-10 18:13:00,833] (%D:18) -     
 INFO [2023-07-10 18:14:09,063] (%D:10) - **********************************************************************************************
 INFO [2023-07-10 18:14:09,066] (%D:11) - $$$$$$$$$$$$$$$$$$$$$$$$$$$$$$$$Sample Rahul Shetty      $$$$$$$$$$$$$$$$$$$$$$$$$$$$$$$$$$$$$$$$$$$$$$
 INFO [2023-07-10 18:14:09,066] (%D:12) - ***********************************************************************************************
 INFO [2023-07-10 18:14:11,938] (%D:22) - Text Entered into UserName
 INFO [2023-07-10 18:14:12,118] (%D:22) - Text Entered into Password
 INFO [2023-07-10 18:14:12,277] (%D:22) - Clicked on Sign In Button
 INFO [2023-07-10 18:14:13,475] (%D:22) - Text got from verifyHomePage
 INFO [2023-07-10 18:14:13,478] (%D:17) - $$$$$$$$$$$$$$$$$$$$$$$$$$$$$$$$---END---$$$$$$$$$$$$$$$$$$$$$$$$$$$$$$$$$$$$$$$$$$$$$$
 INFO [2023-07-10 18:14:13,478] (%D:18) -     
 INFO [2023-07-10 18:15:22,231] (%D:10) - **********************************************************************************************
 INFO [2023-07-10 18:15:22,233] (%D:11) - $$$$$$$$$$$$$$$$$$$$$$$$$$$$$$$$Sample Rahul Shetty      $$$$$$$$$$$$$$$$$$$$$$$$$$$$$$$$$$$$$$$$$$$$$$
 INFO [2023-07-10 18:15:22,233] (%D:12) - ***********************************************************************************************
 INFO [2023-07-10 18:15:27,555] (%D:22) - Text Entered into UserName
 INFO [2023-07-10 18:15:27,738] (%D:22) - Text Entered into Password
 INFO [2023-07-10 18:15:27,875] (%D:22) - Clicked on Sign In Button
 INFO [2023-07-10 18:15:29,059] (%D:22) - Text got from verifyHomePage
 INFO [2023-07-10 18:15:29,064] (%D:17) - $$$$$$$$$$$$$$$$$$$$$$$$$$$$$$$$---END---$$$$$$$$$$$$$$$$$$$$$$$$$$$$$$$$$$$$$$$$$$$$$$
 INFO [2023-07-10 18:15:29,064] (%D:18) -     
